2025-12-12 22:44:46,868 INFO: ======================================================================
2025-12-12 22:44:46,868 INFO: STARTING BYADGI PRICE DASHBOARD GENERATION (UPDATED)
2025-12-12 22:44:46,868 INFO: ======================================================================
2025-12-12 22:44:46,868 INFO: Processing images from: C:\Users\mrmay\Downloads\APMC Prices
2025-12-12 22:44:46,868 INFO: Processing: Screenshot 2025-11-27 185019.png
2025-12-12 22:44:47,386 INFO: Processing: Screenshot 2025-12-08 174552.png
2025-12-12 22:44:47,812 INFO: Processing: WhatsApp Image 2025-11-06 at 18.59.51 (2).jpeg
2025-12-12 22:44:48,265 INFO: Processing: WhatsApp Image 2025-11-13 at 20.56.06 (2).jpeg
2025-12-12 22:44:48,760 INFO: Processing: WhatsApp Image 2025-11-20 at 20.59.54.jpeg
2025-12-12 22:44:49,173 INFO: Processing: WhatsApp Image 2025-11-24 at 18.05.40.jpeg
2025-12-12 22:44:49,668 INFO: Processing: WhatsApp Image 2025-12-01 at 16.35.06.jpeg
2025-12-12 22:44:50,083 INFO: Processing: WhatsApp Image 2025-12-04 at 19.13.14.jpeg
2025-12-12 22:44:50,527 INFO: Processing: WhatsApp Image 2025-12-11 at 19.40.05.jpeg
2025-12-12 22:44:51,040 INFO: JSON data saved: C:\Users\mrmay\Downloads\APMC Prices\web\data.json
2025-12-12 22:44:51,040 INFO: Generated data for 0 varieties, 9 dates
2025-12-12 22:44:51,052 INFO: HTML dashboard generated: C:\Users\mrmay\Downloads\APMC Prices\web\index.html
2025-12-12 22:44:51,052 INFO: ======================================================================
2025-12-12 22:44:51,052 INFO: SUCCESS! Files generated with CORRECT VARIETY NAMES:
2025-12-12 22:44:51,053 INFO:   HTML: C:\Users\mrmay\Downloads\APMC Prices\web\index.html
2025-12-12 22:44:51,053 INFO:   Data: C:\Users\mrmay\Downloads\APMC Prices\web\data.json
2025-12-12 22:44:51,053 INFO:   Varieties detected: 0
2025-12-12 22:44:51,053 INFO:   Upload BOTH files to your website
2025-12-12 22:44:51,054 INFO: ======================================================================
2025-12-12 22:51:32,199 INFO: ======================================================================
2025-12-12 22:51:32,199 INFO: STARTING BYADGI PRICE DASHBOARD GENERATION (UPDATED)
2025-12-12 22:51:32,199 INFO: ======================================================================
2025-12-12 22:51:32,199 INFO: Processing images from: C:\Users\mrmay\Downloads\APMC Prices
2025-12-12 22:51:32,199 INFO: Processing: Screenshot 2025-11-27 185019.png
2025-12-12 22:51:32,890 INFO: Processing: Screenshot 2025-12-08 174552.png
2025-12-12 22:51:33,345 INFO: Processing: WhatsApp Image 2025-11-06 at 18.59.51 (2).jpeg
2025-12-12 22:51:33,806 INFO: Processing: WhatsApp Image 2025-11-13 at 20.56.06 (2).jpeg
2025-12-12 22:51:34,317 INFO: Processing: WhatsApp Image 2025-11-20 at 20.59.54.jpeg
2025-12-12 22:51:34,715 INFO: Processing: WhatsApp Image 2025-11-24 at 18.05.40.jpeg
2025-12-12 22:51:35,193 INFO: Processing: WhatsApp Image 2025-12-01 at 16.35.06.jpeg
2025-12-12 22:51:35,571 INFO: Processing: WhatsApp Image 2025-12-04 at 19.13.14.jpeg
2025-12-12 22:51:35,997 INFO: Processing: WhatsApp Image 2025-12-11 at 19.40.05.jpeg
2025-12-12 22:51:36,504 INFO: JSON data saved: C:\Users\mrmay\Downloads\APMC Prices\web\data.json
2025-12-12 22:51:36,504 INFO: Generated data for 0 varieties, 9 dates
2025-12-12 22:51:36,949 INFO: HTML dashboard generated: C:\Users\mrmay\Downloads\APMC Prices\web\index.html
2025-12-12 22:51:36,949 INFO: ======================================================================
2025-12-12 22:51:36,949 INFO: SUCCESS! Files generated with CORRECT VARIETY NAMES:
2025-12-12 22:51:36,949 INFO:   HTML: C:\Users\mrmay\Downloads\APMC Prices\web\index.html
2025-12-12 22:51:36,949 INFO:   Data: C:\Users\mrmay\Downloads\APMC Prices\web\data.json
2025-12-12 22:51:36,949 INFO:   Varieties detected: 0
2025-12-12 22:51:36,949 INFO:   Upload BOTH files to your website
2025-12-12 22:51:36,949 INFO: ======================================================================
2025-12-12 22:59:26,333 INFO: ======================================================================
2025-12-12 22:59:26,333 INFO: STARTING BYADGI PRICE DASHBOARD GENERATION
2025-12-12 22:59:26,333 INFO: ======================================================================
2025-12-12 22:59:26,333 INFO: Processing: Screenshot 2025-11-27 185019.png
2025-12-12 22:59:26,984 INFO: Extracted 15 varieties from Screenshot 2025-11-27 185019.png
2025-12-12 22:59:26,985 INFO: Processing: Screenshot 2025-12-08 174552.png
2025-12-12 22:59:27,453 INFO: Extracted 12 varieties from Screenshot 2025-12-08 174552.png
2025-12-12 22:59:27,454 INFO: Processing: WhatsApp Image 2025-11-06 at 18.59.51 (2).jpeg
2025-12-12 22:59:27,920 INFO: Extracted 10 varieties from WhatsApp Image 2025-11-06 at 18.59.51 (2).jpeg
2025-12-12 22:59:27,920 INFO: Processing: WhatsApp Image 2025-11-13 at 20.56.06 (2).jpeg
2025-12-12 22:59:28,469 INFO: Extracted 12 varieties from WhatsApp Image 2025-11-13 at 20.56.06 (2).jpeg
2025-12-12 22:59:28,469 INFO: Processing: WhatsApp Image 2025-11-20 at 20.59.54.jpeg
2025-12-12 22:59:28,911 INFO: Extracted 7 varieties from WhatsApp Image 2025-11-20 at 20.59.54.jpeg
2025-12-12 22:59:28,911 INFO: Processing: WhatsApp Image 2025-11-24 at 18.05.40.jpeg
2025-12-12 22:59:29,437 INFO: Extracted 12 varieties from WhatsApp Image 2025-11-24 at 18.05.40.jpeg
2025-12-12 22:59:29,437 INFO: Processing: WhatsApp Image 2025-12-01 at 16.35.06.jpeg
2025-12-12 22:59:29,854 INFO: Extracted 7 varieties from WhatsApp Image 2025-12-01 at 16.35.06.jpeg
2025-12-12 22:59:29,854 INFO: Processing: WhatsApp Image 2025-12-04 at 19.13.14.jpeg
2025-12-12 22:59:30,353 INFO: Extracted 15 varieties from WhatsApp Image 2025-12-04 at 19.13.14.jpeg
2025-12-12 22:59:30,356 INFO: Processing: WhatsApp Image 2025-12-11 at 19.40.05.jpeg
2025-12-12 22:59:30,881 INFO: Extracted 9 varieties from WhatsApp Image 2025-12-11 at 19.40.05.jpeg
2025-12-12 22:59:30,896 INFO: Detected 56 varieties
2025-12-12 22:59:30,897 INFO: Varieties: ['*06-11-2025*', '*13-11-2025*', '*24-11-2025*', '*New arrivals approx 1000 bags', '*New arrivals approx 5000 bags', '02 qty 24000 To 28000', '043 14000 To 18000 To 20000', '10000 BAGS', '12000 BAGS*', '2IA1-2025', '30000 BAGS SALES APPROX', '30000 BAGS*', '40000 BAGS SALES APPROX', '531 fatki 8000 To 11500', '531qty 12500 To 16000', '553lqty 13000-15000 ( QTY', '553lqty 16000-18000', '5581 qty 12500-16000', '5581. 12000-14500', '80000 BAGS SALES APPROX', 'A/C QTY ARRIVALS APPROX 15000', 'A/C QTY ARRIVALS APPROX 60000', 'AC QTY ARRIVALS APPROX 20000 BAGS SALES', 'AIC QTY ARRIVALS APPROX 30000 BAGS SALES APPROX 10000 BAGS', 'AJC QTY ARRIVALS APPROX 12000 BAGS SALES APPROX 5000 BAGS', 'APPROX 10000 BAGS', 'BAGS SALES APPROX 20000 BAGS', 'BAGS SALES APPROX 8000 BAGS', 'BYADGI FATKI 5000-6500', 'BYADGI FATKI 5000-6500.', 'BYADGI FATKI 6000-7500', 'BYADGI FATKI 6500-8500', 'Byadgi (KDL)', 'DABB! 30000-36000', 'DABE! MB 16000-18000', 'DABEI 18000-23000', 'DL BEST 24000 To 29000', 'DL fatki 5500 To 7500', 'DL medium 10000 To 14000 To 17000', 'DLX 21000-24000', 'Devanur Deluxe (DD)', 'KDLDLX 33000-44000', 'KDLDLX 40000-45000', 'KDLM BEST 16000-19000', 'Kashmiri (Dabbi)', 'NEW ARRIVALS APOROX 20000 BAGS', 'Naya maal me 1000-1500 slow hai', 'New arrivals approx 13000 bags', 'New arrivals approx 24000 bags', 'New arrivals approx 25000 bags', 'New arrivals approx 25000 hags', 'New arrivals approx 4000 bags', 'Seed', 'Syngenta 102', 'Syngenta 2043', 'Syngenta 5531']
2025-12-12 22:59:30,911 INFO: JSON data saved: C:\Users\mrmay\Downloads\APMC Prices\web\data.json
2025-12-12 22:59:30,911 INFO: Generated data for 56 varieties, 9 dates
2025-12-12 22:59:30,911 INFO: Varieties: ['*06-11-2025*', '*13-11-2025*', '*24-11-2025*', '*New arrivals approx 1000 bags', '*New arrivals approx 5000 bags', '02 qty 24000 To 28000', '043 14000 To 18000 To 20000', '10000 BAGS', '12000 BAGS*', '2IA1-2025', '30000 BAGS SALES APPROX', '30000 BAGS*', '40000 BAGS SALES APPROX', '531 fatki 8000 To 11500', '531qty 12500 To 16000', '553lqty 13000-15000 ( QTY', '553lqty 16000-18000', '5581 qty 12500-16000', '5581. 12000-14500', '80000 BAGS SALES APPROX', 'A/C QTY ARRIVALS APPROX 15000', 'A/C QTY ARRIVALS APPROX 60000', 'AC QTY ARRIVALS APPROX 20000 BAGS SALES', 'AIC QTY ARRIVALS APPROX 30000 BAGS SALES APPROX 10000 BAGS', 'AJC QTY ARRIVALS APPROX 12000 BAGS SALES APPROX 5000 BAGS', 'APPROX 10000 BAGS', 'BAGS SALES APPROX 20000 BAGS', 'BAGS SALES APPROX 8000 BAGS', 'BYADGI FATKI 5000-6500', 'BYADGI FATKI 5000-6500.', 'BYADGI FATKI 6000-7500', 'BYADGI FATKI 6500-8500', 'Byadgi (KDL)', 'DABB! 30000-36000', 'DABE! MB 16000-18000', 'DABEI 18000-23000', 'DL BEST 24000 To 29000', 'DL fatki 5500 To 7500', 'DL medium 10000 To 14000 To 17000', 'DLX 21000-24000', 'Devanur Deluxe (DD)', 'KDLDLX 33000-44000', 'KDLDLX 40000-45000', 'KDLM BEST 16000-19000', 'Kashmiri (Dabbi)', 'NEW ARRIVALS APOROX 20000 BAGS', 'Naya maal me 1000-1500 slow hai', 'New arrivals approx 13000 bags', 'New arrivals approx 24000 bags', 'New arrivals approx 25000 bags', 'New arrivals approx 25000 hags', 'New arrivals approx 4000 bags', 'Seed', 'Syngenta 102', 'Syngenta 2043', 'Syngenta 5531']
2025-12-12 22:59:30,937 INFO: HTML dashboard generated: C:\Users\mrmay\Downloads\APMC Prices\web\index.html
2025-12-12 22:59:30,937 INFO: ======================================================================
2025-12-12 22:59:30,954 INFO:   HTML: C:\Users\mrmay\Downloads\APMC Prices\web\index.html
2025-12-12 22:59:30,954 INFO:   Data: C:\Users\mrmay\Downloads\APMC Prices\web\data.json
2025-12-12 22:59:30,955 INFO:   Varieties: 56
2025-12-12 22:59:30,955 INFO: ======================================================================
2025-12-12 23:01:57,945 INFO: ======================================================================
2025-12-12 23:01:57,945 INFO: STARTING BYADGI PRICE DASHBOARD GENERATION
2025-12-12 23:01:57,945 INFO: ======================================================================
2025-12-12 23:01:57,955 INFO: Processing: Screenshot 2025-11-27 185019.png
2025-12-12 23:01:58,447 INFO:   2IA1-2025 -> 2025
2025-12-12 23:01:58,447 INFO:   New arrivals approx 13000 bags -> 13000
2025-12-12 23:01:58,447 INFO:   Kashmiri (Dabbi) -> 62100
2025-12-12 23:01:58,447 INFO:   DABB! 30000-36000 -> 33000
2025-12-12 23:01:58,447 INFO:   Byadgi (KDL) -> 40250
2025-12-12 23:01:58,447 INFO:   KDLDLX 33000-44000 -> 38500
2025-12-12 23:01:58,447 INFO:   Byadgi (KDL) -> 29000
2025-12-12 23:01:58,447 INFO:   Syngenta 102 -> 24000
2025-12-12 23:01:58,447 INFO:   Syngenta 5531 -> 13000
2025-12-12 23:01:58,451 INFO:   Byadgi (KDL) -> 17000
2025-12-12 23:01:58,451 INFO:   Byadgi (KDL) -> 7000
2025-12-12 23:01:58,451 INFO:   Syngenta 5531 -> 5531
2025-12-12 23:01:58,451 INFO:   AIC QTY ARRIVALS APPROX 30000 BAGS SALES APPROX 10000 BAGS -> 20000
2025-12-12 23:01:58,451 INFO:   Syngenta 2043 -> 17000
2025-12-12 23:01:58,451 INFO:   5581. 12000-14500 -> 12000
2025-12-12 23:01:58,451 INFO:   DABEI 18000-23000 -> 20500
2025-12-12 23:01:58,451 INFO:   Kashmiri (Dabbi) -> 34000
2025-12-12 23:01:58,451 INFO:   Byadgi (KDL) -> 21000
2025-12-12 23:01:58,451 INFO:   Seed -> 14750
2025-12-12 23:01:58,451 INFO:   Seed -> 8500
2025-12-12 23:01:58,451 INFO:   BYADGI FATKI 5000-6500. -> 5750
2025-12-12 23:01:58,451 INFO:   Naya maal me 1000-1500 slow hai -> 1250
2025-12-12 23:01:58,451 INFO: Extracted 15 varieties from Screenshot 2025-11-27 185019.png
2025-12-12 23:01:58,451 INFO: Processing: Screenshot 2025-12-08 174552.png
2025-12-12 23:01:58,941 INFO:   New arrivals approx 25000 hags -> 25000
2025-12-12 23:01:58,942 INFO:   Kashmiri (Dabbi) -> 61750
2025-12-12 23:01:58,942 INFO:   Kashmiri (Dabbi) -> 43000
2025-12-12 23:01:58,942 INFO:   Byadgi (KDL) -> 43000
2025-12-12 23:01:58,942 INFO:   KDLDLX 40000-45000 -> 42500
2025-12-12 23:01:58,942 INFO:   Byadgi (KDL) -> 33000
2025-12-12 23:01:58,942 INFO:   Syngenta 102 -> 24000
2025-12-12 23:01:58,942 INFO:   5581 qty 12500-16000 -> 12500
2025-12-12 23:01:58,942 INFO:   Byadgi (KDL) -> 14000
2025-12-12 23:01:58,942 INFO:   Byadgi (KDL) -> 6500
2025-12-12 23:01:58,942 INFO:   Syngenta 5531 -> 8000
2025-12-12 23:01:58,942 INFO:   AJC QTY ARRIVALS APPROX 12000 BAGS SALES APPROX 5000 BAGS -> 8500
2025-12-12 23:01:58,942 INFO:   Syngenta 2043 -> 14000
2025-12-12 23:01:58,942 INFO:   DABE! MB 16000-18000 -> 17000
2025-12-12 23:01:58,942 INFO:   Kashmiri (Dabbi) -> 25000
2025-12-12 23:01:58,942 INFO:   KDLM BEST 16000-19000 -> 17500
2025-12-12 23:01:58,942 INFO:   Byadgi (KDL) -> 22500
2025-12-12 23:01:58,942 INFO:   Seed -> 13000
2025-12-12 23:01:58,942 INFO: Extracted 12 varieties from Screenshot 2025-12-08 174552.png
2025-12-12 23:01:58,945 INFO: Processing: WhatsApp Image 2025-11-06 at 18.59.51 (2).jpeg
2025-12-12 23:01:59,473 INFO:   *06-11-2025* -> 2025
2025-12-12 23:01:59,473 INFO:   40000 BAGS SALES APPROX -> 40000
2025-12-12 23:01:59,473 INFO:   30000 BAGS* -> 30000
2025-12-12 23:01:59,473 INFO:   Syngenta 2043 -> 18000
2025-12-12 23:01:59,473 INFO:   DLX 21000-24000 -> 22500
2025-12-12 23:01:59,473 INFO:   Syngenta 5531 -> 14000
2025-12-12 23:01:59,473 INFO:   Kashmiri (Dabbi) -> 26500
2025-12-12 23:01:59,473 INFO:   Kashmiri (Dabbi) -> 32750
2025-12-12 23:01:59,473 INFO:   Byadgi (KDL) -> 25000
2025-12-12 23:01:59,473 INFO:   Byadgi (KDL) -> 28000
2025-12-12 23:01:59,473 INFO:   Seed -> 14500
2025-12-12 23:01:59,473 INFO:   Seed -> 8500
2025-12-12 23:01:59,482 INFO:   BYADGI FATKI 6000-7500 -> 6750
2025-12-12 23:01:59,482 INFO:   Syngenta 2043 -> 2043
2025-12-12 23:01:59,482 INFO: Extracted 10 varieties from WhatsApp Image 2025-11-06 at 18.59.51 (2).jpeg
2025-12-12 23:01:59,482 INFO: Processing: WhatsApp Image 2025-11-13 at 20.56.06 (2).jpeg
2025-12-12 23:02:00,058 INFO:   *13-11-2025* -> 2025
2025-12-12 23:02:00,059 INFO:   *New arrivals approx 1000 bags -> 1000
2025-12-12 23:02:00,059 INFO:   Byadgi (KDL) -> 38000
2025-12-12 23:02:00,059 INFO:   Syngenta 102 -> 27000
2025-12-12 23:02:00,059 INFO:   553lqty 16000-18000 -> 17000
2025-12-12 23:02:00,059 INFO:   80000 BAGS SALES APPROX -> 80000
2025-12-12 23:02:00,059 INFO:   30000 BAGS* -> 30000
2025-12-12 23:02:00,060 INFO:   Syngenta 2043 -> 23500
2025-12-12 23:02:00,060 INFO:   Syngenta 5531 -> 13000
2025-12-12 23:02:00,060 INFO:   Kashmiri (Dabbi) -> 32000
2025-12-12 23:02:00,060 INFO:   Kashmiri (Dabbi) -> 46000
2025-12-12 23:02:00,060 INFO:   Byadgi (KDL) -> 31000
2025-12-12 23:02:00,060 INFO:   Byadgi (KDL) -> 35000
2025-12-12 23:02:00,061 INFO:   Seed -> 14750
2025-12-12 23:02:00,061 INFO:   Seed -> 8500
2025-12-12 23:02:00,061 INFO:   BYADGI FATKI 6500-8500 -> 7500
2025-12-12 23:02:00,061 INFO:   Syngenta 2043 -> 2043
2025-12-12 23:02:00,061 INFO: Extracted 12 varieties from WhatsApp Image 2025-11-13 at 20.56.06 (2).jpeg
2025-12-12 23:02:00,062 INFO: Processing: WhatsApp Image 2025-11-20 at 20.59.54.jpeg
2025-12-12 23:02:00,487 INFO:   New arrivals approx 4000 bags -> 4000
2025-12-12 23:02:00,487 INFO:   Syngenta 102 -> 102
2025-12-12 23:02:00,487 INFO:   Syngenta 5531 -> 5531
2025-12-12 23:02:00,487 INFO:   A/C QTY ARRIVALS APPROX 60000 -> 60000
2025-12-12 23:02:00,487 INFO:   BAGS SALES APPROX 20000 BAGS -> 20000
2025-12-12 23:02:00,487 INFO:   Syngenta 2043 -> 17500
2025-12-12 23:02:00,487 INFO:   Syngenta 5531 -> 13000
2025-12-12 23:02:00,487 INFO:   Kashmiri (Dabbi) -> 18000
2025-12-12 23:02:00,487 INFO: Extracted 7 varieties from WhatsApp Image 2025-11-20 at 20.59.54.jpeg
2025-12-12 23:02:00,487 INFO: Processing: WhatsApp Image 2025-11-24 at 18.05.40.jpeg
2025-12-12 23:02:00,955 INFO:   *24-11-2025* -> 2025
2025-12-12 23:02:00,955 INFO:   *New arrivals approx 5000 bags -> 5000
2025-12-12 23:02:00,955 INFO:   Kashmiri (Dabbi) -> 56770
2025-12-12 23:02:00,955 INFO:   Kashmiri (Dabbi) -> 41000
2025-12-12 23:02:00,955 INFO:   Byadgi (KDL) -> 41000
2025-12-12 23:02:00,955 INFO:   Byadgi (KDL) -> 36750
2025-12-12 23:02:00,955 INFO:   Syngenta 102 -> 24000
2025-12-12 23:02:00,955 INFO:   553lqty 13000-15000 ( QTY -> 14000
2025-12-12 23:02:00,958 INFO:   Byadgi (KDL) -> 13500
2025-12-12 23:02:00,958 INFO:   Byadgi (KDL) -> 7000
2025-12-12 23:02:00,958 INFO:   Syngenta 5531 -> 8500
2025-12-12 23:02:00,958 INFO:   40000 BAGS SALES APPROX -> 40000
2025-12-12 23:02:00,958 INFO:   12000 BAGS* -> 12000
2025-12-12 23:02:00,958 INFO:   Syngenta 2043 -> 17500
2025-12-12 23:02:00,958 INFO:   Syngenta 5531 -> 13000
2025-12-12 23:02:00,958 INFO:   Kashmiri (Dabbi) -> 20500
2025-12-12 23:02:00,958 INFO:   Kashmiri (Dabbi) -> 34000
2025-12-12 23:02:00,958 INFO:   Byadgi (KDL) -> 21000
2025-12-12 23:02:00,958 INFO:   Byadgi (KDL) -> 29000
2025-12-12 23:02:00,958 INFO:   Seed -> 14750
2025-12-12 23:02:00,958 INFO:   Seed -> 8500
2025-12-12 23:02:00,958 INFO:   BYADGI FATKI 5000-6500 -> 5750
2025-12-12 23:02:00,958 INFO: Extracted 12 varieties from WhatsApp Image 2025-11-24 at 18.05.40.jpeg
2025-12-12 23:02:00,958 INFO: Processing: WhatsApp Image 2025-12-01 at 16.35.06.jpeg
2025-12-12 23:02:01,401 INFO:   New arrivals approx 25000 bags -> 25000
2025-12-12 23:02:01,403 INFO:   Syngenta 2043 -> 2043
2025-12-12 23:02:01,403 INFO:   Syngenta 102 -> 102
2025-12-12 23:02:01,403 INFO:   Byadgi (KDL) -> 14000
2025-12-12 23:02:01,403 INFO:   Syngenta 5531 -> 5531
2025-12-12 23:02:01,403 INFO:   30000 BAGS SALES APPROX -> 30000
2025-12-12 23:02:01,403 INFO:   10000 BAGS -> 10000
2025-12-12 23:02:01,403 INFO:   Syngenta 2043 -> 17000
2025-12-12 23:02:01,405 INFO:   Syngenta 5531 -> 5531
2025-12-12 23:02:01,405 INFO: Extracted 7 varieties from WhatsApp Image 2025-12-01 at 16.35.06.jpeg
2025-12-12 23:02:01,405 INFO: Processing: WhatsApp Image 2025-12-04 at 19.13.14.jpeg
2025-12-12 23:02:01,904 INFO:   NEW ARRIVALS APOROX 20000 BAGS -> 20000
2025-12-12 23:02:01,904 INFO:   Kashmiri (Dabbi) -> 42000
2025-12-12 23:02:01,904 INFO:   Byadgi (KDL) -> 40000
2025-12-12 23:02:01,905 INFO:   Byadgi (KDL) -> 32500
2025-12-12 23:02:01,905 INFO:   DL BEST 24000 To 29000 -> 26500
2025-12-12 23:02:01,905 INFO:   043 14000 To 18000 To 20000 -> 16000
2025-12-12 23:02:01,905 INFO:   02 qty 24000 To 28000 -> 26000
2025-12-12 23:02:01,905 INFO:   531qty 12500 To 16000 -> 14250
2025-12-12 23:02:01,906 INFO:   DL medium 10000 To 14000 To 17000 -> 14000
2025-12-12 23:02:01,906 INFO:   DL fatki 5500 To 7500 -> 6500
2025-12-12 23:02:01,906 INFO:   531 fatki 8000 To 11500 -> 8000
2025-12-12 23:02:01,907 INFO:   AC QTY ARRIVALS APPROX 20000 BAGS SALES -> 20000
2025-12-12 23:02:01,907 INFO:   APPROX 10000 BAGS -> 10000
2025-12-12 23:02:01,907 INFO:   Syngenta 2043 -> 15000
2025-12-12 23:02:01,907 INFO:   Syngenta 5531 -> 12000
2025-12-12 23:02:01,907 INFO:   Kashmiri (Dabbi) -> 17000
2025-12-12 23:02:01,908 INFO:   Kashmiri (Dabbi) -> 30500
2025-12-12 23:02:01,908 INFO:   Byadgi (KDL) -> 17500
2025-12-12 23:02:01,909 INFO:   Byadgi (KDL) -> 22500
2025-12-12 23:02:01,909 INFO:   Seed -> 13000
2025-12-12 23:02:01,909 INFO: Extracted 15 varieties from WhatsApp Image 2025-12-04 at 19.13.14.jpeg
2025-12-12 23:02:01,910 INFO: Processing: WhatsApp Image 2025-12-11 at 19.40.05.jpeg
2025-12-12 23:02:02,477 INFO:   New arrivals approx 24000 bags -> 24000
2025-12-12 23:02:02,478 INFO:   Kashmiri (Dabbi) -> 52750
2025-12-12 23:02:02,478 INFO:   Kashmiri (Dabbi) -> 43000
2025-12-12 23:02:02,478 INFO:   Byadgi (KDL) -> 45000
2025-12-12 23:02:02,479 INFO:   Byadgi (KDL) -> 40500
2025-12-12 23:02:02,479 INFO:   Byadgi (KDL) -> 33000
2025-12-12 23:02:02,479 INFO:   Syngenta 102 -> 24000
2025-12-12 23:02:02,479 INFO:   Devanur Deluxe (DD) -> 17000
2025-12-12 23:02:02,480 INFO:   Byadgi (KDL) -> 14000
2025-12-12 23:02:02,480 INFO:   Byadgi (KDL) -> 6500
2025-12-12 23:02:02,480 INFO:   Syngenta 5531 -> 8000
2025-12-12 23:02:02,480 INFO:   A/C QTY ARRIVALS APPROX 15000 -> 15000
2025-12-12 23:02:02,480 INFO:   BAGS SALES APPROX 8000 BAGS -> 8000
2025-12-12 23:02:02,481 INFO:   Syngenta 2043 -> 14000
2025-12-12 23:02:02,481 INFO:   Syngenta 2043 -> 21000
2025-12-12 23:02:02,481 INFO:   Kashmiri (Dabbi) -> 17000
2025-12-12 23:02:02,482 INFO:   Kashmiri (Dabbi) -> 25500
2025-12-12 23:02:02,482 INFO:   Byadgi (KDL) -> 19000
2025-12-12 23:02:02,482 INFO:   Byadgi (KDL) -> 24000
2025-12-12 23:02:02,483 INFO: Extracted 9 varieties from WhatsApp Image 2025-12-11 at 19.40.05.jpeg
2025-12-12 23:02:02,490 INFO: Detected 56 varieties
2025-12-12 23:02:02,490 INFO: Varieties: ['*06-11-2025*', '*13-11-2025*', '*24-11-2025*', '*New arrivals approx 1000 bags', '*New arrivals approx 5000 bags', '02 qty 24000 To 28000', '043 14000 To 18000 To 20000', '10000 BAGS', '12000 BAGS*', '2IA1-2025', '30000 BAGS SALES APPROX', '30000 BAGS*', '40000 BAGS SALES APPROX', '531 fatki 8000 To 11500', '531qty 12500 To 16000', '553lqty 13000-15000 ( QTY', '553lqty 16000-18000', '5581 qty 12500-16000', '5581. 12000-14500', '80000 BAGS SALES APPROX', 'A/C QTY ARRIVALS APPROX 15000', 'A/C QTY ARRIVALS APPROX 60000', 'AC QTY ARRIVALS APPROX 20000 BAGS SALES', 'AIC QTY ARRIVALS APPROX 30000 BAGS SALES APPROX 10000 BAGS', 'AJC QTY ARRIVALS APPROX 12000 BAGS SALES APPROX 5000 BAGS', 'APPROX 10000 BAGS', 'BAGS SALES APPROX 20000 BAGS', 'BAGS SALES APPROX 8000 BAGS', 'BYADGI FATKI 5000-6500', 'BYADGI FATKI 5000-6500.', 'BYADGI FATKI 6000-7500', 'BYADGI FATKI 6500-8500', 'Byadgi (KDL)', 'DABB! 30000-36000', 'DABE! MB 16000-18000', 'DABEI 18000-23000', 'DL BEST 24000 To 29000', 'DL fatki 5500 To 7500', 'DL medium 10000 To 14000 To 17000', 'DLX 21000-24000', 'Devanur Deluxe (DD)', 'KDLDLX 33000-44000', 'KDLDLX 40000-45000', 'KDLM BEST 16000-19000', 'Kashmiri (Dabbi)', 'NEW ARRIVALS APOROX 20000 BAGS', 'Naya maal me 1000-1500 slow hai', 'New arrivals approx 13000 bags', 'New arrivals approx 24000 bags', 'New arrivals approx 25000 bags', 'New arrivals approx 25000 hags', 'New arrivals approx 4000 bags', 'Seed', 'Syngenta 102', 'Syngenta 2043', 'Syngenta 5531']
2025-12-12 23:02:02,506 INFO: JSON data saved: C:\Users\mrmay\Downloads\APMC Prices\web\data.json
2025-12-12 23:02:02,506 INFO: Generated data for 56 varieties, 9 dates
2025-12-12 23:02:02,506 INFO: Varieties: ['*06-11-2025*', '*13-11-2025*', '*24-11-2025*', '*New arrivals approx 1000 bags', '*New arrivals approx 5000 bags', '02 qty 24000 To 28000', '043 14000 To 18000 To 20000', '10000 BAGS', '12000 BAGS*', '2IA1-2025', '30000 BAGS SALES APPROX', '30000 BAGS*', '40000 BAGS SALES APPROX', '531 fatki 8000 To 11500', '531qty 12500 To 16000', '553lqty 13000-15000 ( QTY', '553lqty 16000-18000', '5581 qty 12500-16000', '5581. 12000-14500', '80000 BAGS SALES APPROX', 'A/C QTY ARRIVALS APPROX 15000', 'A/C QTY ARRIVALS APPROX 60000', 'AC QTY ARRIVALS APPROX 20000 BAGS SALES', 'AIC QTY ARRIVALS APPROX 30000 BAGS SALES APPROX 10000 BAGS', 'AJC QTY ARRIVALS APPROX 12000 BAGS SALES APPROX 5000 BAGS', 'APPROX 10000 BAGS', 'BAGS SALES APPROX 20000 BAGS', 'BAGS SALES APPROX 8000 BAGS', 'BYADGI FATKI 5000-6500', 'BYADGI FATKI 5000-6500.', 'BYADGI FATKI 6000-7500', 'BYADGI FATKI 6500-8500', 'Byadgi (KDL)', 'DABB! 30000-36000', 'DABE! MB 16000-18000', 'DABEI 18000-23000', 'DL BEST 24000 To 29000', 'DL fatki 5500 To 7500', 'DL medium 10000 To 14000 To 17000', 'DLX 21000-24000', 'Devanur Deluxe (DD)', 'KDLDLX 33000-44000', 'KDLDLX 40000-45000', 'KDLM BEST 16000-19000', 'Kashmiri (Dabbi)', 'NEW ARRIVALS APOROX 20000 BAGS', 'Naya maal me 1000-1500 slow hai', 'New arrivals approx 13000 bags', 'New arrivals approx 24000 bags', 'New arrivals approx 25000 bags', 'New arrivals approx 25000 hags', 'New arrivals approx 4000 bags', 'Seed', 'Syngenta 102', 'Syngenta 2043', 'Syngenta 5531']
2025-12-12 23:02:02,516 INFO: HTML dashboard generated: C:\Users\mrmay\Downloads\APMC Prices\web\index.html
2025-12-12 23:02:02,517 INFO: ======================================================================
2025-12-12 23:02:02,529 INFO:   HTML: C:\Users\mrmay\Downloads\APMC Prices\web\index.html
2025-12-12 23:02:02,529 INFO:   Data: C:\Users\mrmay\Downloads\APMC Prices\web\data.json
2025-12-12 23:02:02,529 INFO:   Varieties: 56
2025-12-12 23:02:02,530 INFO: ======================================================================
2025-12-12 23:02:58,504 INFO: ======================================================================
2025-12-12 23:02:58,504 INFO: STARTING BYADGI PRICE DASHBOARD GENERATION
2025-12-12 23:02:58,504 INFO: ======================================================================
2025-12-12 23:02:58,504 INFO: Processing: Screenshot 2025-11-27 185019.png
2025-12-12 23:02:59,544 INFO:   2IA1-2025 -> 2025
2025-12-12 23:02:59,545 INFO:   New arrivals approx 13000 bags -> 13000
2025-12-12 23:02:59,545 INFO:   Kashmiri (Dabbi) -> 62100
2025-12-12 23:02:59,545 INFO:   DABB! 30000-36000 -> 33000
2025-12-12 23:02:59,545 INFO:   Byadgi (KDL) -> 40250
2025-12-12 23:02:59,545 INFO:   KDLDLX 33000-44000 -> 38500
2025-12-12 23:02:59,545 INFO:   Byadgi (KDL) -> 29000
2025-12-12 23:02:59,545 INFO:   Syngenta 102 -> 24000
2025-12-12 23:02:59,546 INFO:   Syngenta 5531 -> 13000
2025-12-12 23:02:59,546 INFO:   Byadgi (KDL) -> 17000
2025-12-12 23:02:59,546 INFO:   Byadgi (KDL) -> 7000
2025-12-12 23:02:59,546 INFO:   Syngenta 5531 -> 5531
2025-12-12 23:02:59,546 INFO:   AIC QTY ARRIVALS APPROX 30000 BAGS SALES APPROX 10000 BAGS -> 20000
2025-12-12 23:02:59,546 INFO:   Syngenta 2043 -> 17000
2025-12-12 23:02:59,547 INFO:   5581. 12000-14500 -> 12000
2025-12-12 23:02:59,547 INFO:   DABEI 18000-23000 -> 20500
2025-12-12 23:02:59,547 INFO:   Kashmiri (Dabbi) -> 34000
2025-12-12 23:02:59,547 INFO:   Byadgi (KDL) -> 21000
2025-12-12 23:02:59,547 INFO:   Seed -> 14750
2025-12-12 23:02:59,547 INFO:   Seed -> 8500
2025-12-12 23:02:59,547 INFO:   BYADGI FATKI 5000-6500. -> 5750
2025-12-12 23:02:59,547 INFO:   Naya maal me 1000-1500 slow hai -> 1250
2025-12-12 23:02:59,548 INFO: Extracted 15 varieties from Screenshot 2025-11-27 185019.png
2025-12-12 23:02:59,548 INFO: Processing: Screenshot 2025-12-08 174552.png
2025-12-12 23:02:59,985 INFO:   New arrivals approx 25000 hags -> 25000
2025-12-12 23:02:59,985 INFO:   Kashmiri (Dabbi) -> 61750
2025-12-12 23:02:59,985 INFO:   Kashmiri (Dabbi) -> 43000
2025-12-12 23:02:59,985 INFO:   Byadgi (KDL) -> 43000
2025-12-12 23:02:59,985 INFO:   KDLDLX 40000-45000 -> 42500
2025-12-12 23:02:59,985 INFO:   Byadgi (KDL) -> 33000
2025-12-12 23:02:59,985 INFO:   Syngenta 102 -> 24000
2025-12-12 23:02:59,985 INFO:   5581 qty 12500-16000 -> 12500
2025-12-12 23:02:59,985 INFO:   Byadgi (KDL) -> 14000
2025-12-12 23:02:59,985 INFO:   Byadgi (KDL) -> 6500
2025-12-12 23:02:59,985 INFO:   Syngenta 5531 -> 8000
2025-12-12 23:02:59,985 INFO:   AJC QTY ARRIVALS APPROX 12000 BAGS SALES APPROX 5000 BAGS -> 8500
2025-12-12 23:02:59,985 INFO:   Syngenta 2043 -> 14000
2025-12-12 23:02:59,985 INFO:   DABE! MB 16000-18000 -> 17000
2025-12-12 23:02:59,985 INFO:   Kashmiri (Dabbi) -> 25000
2025-12-12 23:02:59,985 INFO:   KDLM BEST 16000-19000 -> 17500
2025-12-12 23:02:59,985 INFO:   Byadgi (KDL) -> 22500
2025-12-12 23:02:59,985 INFO:   Seed -> 13000
2025-12-12 23:02:59,985 INFO: Extracted 12 varieties from Screenshot 2025-12-08 174552.png
2025-12-12 23:02:59,985 INFO: Processing: WhatsApp Image 2025-11-06 at 18.59.51 (2).jpeg
2025-12-12 23:03:00,708 INFO:   *06-11-2025* -> 2025
2025-12-12 23:03:00,708 INFO:   40000 BAGS SALES APPROX -> 40000
2025-12-12 23:03:00,708 INFO:   30000 BAGS* -> 30000
2025-12-12 23:03:00,708 INFO:   Syngenta 2043 -> 18000
2025-12-12 23:03:00,708 INFO:   DLX 21000-24000 -> 22500
2025-12-12 23:03:00,708 INFO:   Syngenta 5531 -> 14000
2025-12-12 23:03:00,708 INFO:   Kashmiri (Dabbi) -> 26500
2025-12-12 23:03:00,708 INFO:   Kashmiri (Dabbi) -> 32750
2025-12-12 23:03:00,708 INFO:   Byadgi (KDL) -> 25000
2025-12-12 23:03:00,708 INFO:   Byadgi (KDL) -> 28000
2025-12-12 23:03:00,708 INFO:   Seed -> 14500
2025-12-12 23:03:00,708 INFO:   Seed -> 8500
2025-12-12 23:03:00,708 INFO:   BYADGI FATKI 6000-7500 -> 6750
2025-12-12 23:03:00,708 INFO:   Syngenta 2043 -> 2043
2025-12-12 23:03:00,708 INFO: Extracted 10 varieties from WhatsApp Image 2025-11-06 at 18.59.51 (2).jpeg
2025-12-12 23:03:00,708 INFO: Processing: WhatsApp Image 2025-11-13 at 20.56.06 (2).jpeg
2025-12-12 23:03:01,250 INFO:   *13-11-2025* -> 2025
2025-12-12 23:03:01,250 INFO:   *New arrivals approx 1000 bags -> 1000
2025-12-12 23:03:01,250 INFO:   Byadgi (KDL) -> 38000
2025-12-12 23:03:01,250 INFO:   Syngenta 102 -> 27000
2025-12-12 23:03:01,250 INFO:   553lqty 16000-18000 -> 17000
2025-12-12 23:03:01,250 INFO:   80000 BAGS SALES APPROX -> 80000
2025-12-12 23:03:01,250 INFO:   30000 BAGS* -> 30000
2025-12-12 23:03:01,250 INFO:   Syngenta 2043 -> 23500
2025-12-12 23:03:01,250 INFO:   Syngenta 5531 -> 13000
2025-12-12 23:03:01,250 INFO:   Kashmiri (Dabbi) -> 32000
2025-12-12 23:03:01,250 INFO:   Kashmiri (Dabbi) -> 46000
2025-12-12 23:03:01,250 INFO:   Byadgi (KDL) -> 31000
2025-12-12 23:03:01,250 INFO:   Byadgi (KDL) -> 35000
2025-12-12 23:03:01,250 INFO:   Seed -> 14750
2025-12-12 23:03:01,250 INFO:   Seed -> 8500
2025-12-12 23:03:01,250 INFO:   BYADGI FATKI 6500-8500 -> 7500
2025-12-12 23:03:01,250 INFO:   Syngenta 2043 -> 2043
2025-12-12 23:03:01,250 INFO: Extracted 12 varieties from WhatsApp Image 2025-11-13 at 20.56.06 (2).jpeg
2025-12-12 23:03:01,250 INFO: Processing: WhatsApp Image 2025-11-20 at 20.59.54.jpeg
2025-12-12 23:03:01,735 INFO:   New arrivals approx 4000 bags -> 4000
2025-12-12 23:03:01,735 INFO:   Syngenta 102 -> 102
2025-12-12 23:03:01,735 INFO:   Syngenta 5531 -> 5531
2025-12-12 23:03:01,735 INFO:   A/C QTY ARRIVALS APPROX 60000 -> 60000
2025-12-12 23:03:01,735 INFO:   BAGS SALES APPROX 20000 BAGS -> 20000
2025-12-12 23:03:01,735 INFO:   Syngenta 2043 -> 17500
2025-12-12 23:03:01,735 INFO:   Syngenta 5531 -> 13000
2025-12-12 23:03:01,735 INFO:   Kashmiri (Dabbi) -> 18000
2025-12-12 23:03:01,735 INFO: Extracted 7 varieties from WhatsApp Image 2025-11-20 at 20.59.54.jpeg
2025-12-12 23:03:01,735 INFO: Processing: WhatsApp Image 2025-11-24 at 18.05.40.jpeg
2025-12-12 23:03:02,291 INFO:   *24-11-2025* -> 2025
2025-12-12 23:03:02,291 INFO:   *New arrivals approx 5000 bags -> 5000
2025-12-12 23:03:02,291 INFO:   Kashmiri (Dabbi) -> 56770
2025-12-12 23:03:02,291 INFO:   Kashmiri (Dabbi) -> 41000
2025-12-12 23:03:02,291 INFO:   Byadgi (KDL) -> 41000
2025-12-12 23:03:02,291 INFO:   Byadgi (KDL) -> 36750
2025-12-12 23:03:02,291 INFO:   Syngenta 102 -> 24000
2025-12-12 23:03:02,291 INFO:   553lqty 13000-15000 ( QTY -> 14000
2025-12-12 23:03:02,291 INFO:   Byadgi (KDL) -> 13500
2025-12-12 23:03:02,291 INFO:   Byadgi (KDL) -> 7000
2025-12-12 23:03:02,291 INFO:   Syngenta 5531 -> 8500
2025-12-12 23:03:02,291 INFO:   40000 BAGS SALES APPROX -> 40000
2025-12-12 23:03:02,291 INFO:   12000 BAGS* -> 12000
2025-12-12 23:03:02,291 INFO:   Syngenta 2043 -> 17500
2025-12-12 23:03:02,291 INFO:   Syngenta 5531 -> 13000
2025-12-12 23:03:02,291 INFO:   Kashmiri (Dabbi) -> 20500
2025-12-12 23:03:02,291 INFO:   Kashmiri (Dabbi) -> 34000
2025-12-12 23:03:02,291 INFO:   Byadgi (KDL) -> 21000
2025-12-12 23:03:02,291 INFO:   Byadgi (KDL) -> 29000
2025-12-12 23:03:02,291 INFO:   Seed -> 14750
2025-12-12 23:03:02,291 INFO:   Seed -> 8500
2025-12-12 23:03:02,291 INFO:   BYADGI FATKI 5000-6500 -> 5750
2025-12-12 23:03:02,291 INFO: Extracted 12 varieties from WhatsApp Image 2025-11-24 at 18.05.40.jpeg
2025-12-12 23:03:02,291 INFO: Processing: WhatsApp Image 2025-12-01 at 16.35.06.jpeg
2025-12-12 23:03:02,735 INFO:   New arrivals approx 25000 bags -> 25000
2025-12-12 23:03:02,735 INFO:   Syngenta 2043 -> 2043
2025-12-12 23:03:02,735 INFO:   Syngenta 102 -> 102
2025-12-12 23:03:02,735 INFO:   Byadgi (KDL) -> 14000
2025-12-12 23:03:02,735 INFO:   Syngenta 5531 -> 5531
2025-12-12 23:03:02,735 INFO:   30000 BAGS SALES APPROX -> 30000
2025-12-12 23:03:02,735 INFO:   10000 BAGS -> 10000
2025-12-12 23:03:02,735 INFO:   Syngenta 2043 -> 17000
2025-12-12 23:03:02,735 INFO:   Syngenta 5531 -> 5531
2025-12-12 23:03:02,735 INFO: Extracted 7 varieties from WhatsApp Image 2025-12-01 at 16.35.06.jpeg
2025-12-12 23:03:02,735 INFO: Processing: WhatsApp Image 2025-12-04 at 19.13.14.jpeg
2025-12-12 23:03:03,884 INFO:   NEW ARRIVALS APOROX 20000 BAGS -> 20000
2025-12-12 23:03:03,884 INFO:   Kashmiri (Dabbi) -> 42000
2025-12-12 23:03:03,884 INFO:   Byadgi (KDL) -> 40000
2025-12-12 23:03:03,884 INFO:   Byadgi (KDL) -> 32500
2025-12-12 23:03:03,884 INFO:   DL BEST 24000 To 29000 -> 26500
2025-12-12 23:03:03,884 INFO:   043 14000 To 18000 To 20000 -> 16000
2025-12-12 23:03:03,884 INFO:   02 qty 24000 To 28000 -> 26000
2025-12-12 23:03:03,884 INFO:   531qty 12500 To 16000 -> 14250
2025-12-12 23:03:03,884 INFO:   DL medium 10000 To 14000 To 17000 -> 14000
2025-12-12 23:03:03,884 INFO:   DL fatki 5500 To 7500 -> 6500
2025-12-12 23:03:03,884 INFO:   531 fatki 8000 To 11500 -> 8000
2025-12-12 23:03:03,884 INFO:   AC QTY ARRIVALS APPROX 20000 BAGS SALES -> 20000
2025-12-12 23:03:03,884 INFO:   APPROX 10000 BAGS -> 10000
2025-12-12 23:03:03,884 INFO:   Syngenta 2043 -> 15000
2025-12-12 23:03:03,884 INFO:   Syngenta 5531 -> 12000
2025-12-12 23:03:03,884 INFO:   Kashmiri (Dabbi) -> 17000
2025-12-12 23:03:03,884 INFO:   Kashmiri (Dabbi) -> 30500
2025-12-12 23:03:03,884 INFO:   Byadgi (KDL) -> 17500
2025-12-12 23:03:03,884 INFO:   Byadgi (KDL) -> 22500
2025-12-12 23:03:03,884 INFO:   Seed -> 13000
2025-12-12 23:03:03,884 INFO: Extracted 15 varieties from WhatsApp Image 2025-12-04 at 19.13.14.jpeg
2025-12-12 23:03:03,884 INFO: Processing: WhatsApp Image 2025-12-11 at 19.40.05.jpeg
2025-12-12 23:03:04,526 INFO:   New arrivals approx 24000 bags -> 24000
2025-12-12 23:03:04,526 INFO:   Kashmiri (Dabbi) -> 52750
2025-12-12 23:03:04,526 INFO:   Kashmiri (Dabbi) -> 43000
2025-12-12 23:03:04,526 INFO:   Byadgi (KDL) -> 45000
2025-12-12 23:03:04,526 INFO:   Byadgi (KDL) -> 40500
2025-12-12 23:03:04,526 INFO:   Byadgi (KDL) -> 33000
2025-12-12 23:03:04,526 INFO:   Syngenta 102 -> 24000
2025-12-12 23:03:04,526 INFO:   Devanur Deluxe (DD) -> 17000
2025-12-12 23:03:04,526 INFO:   Byadgi (KDL) -> 14000
2025-12-12 23:03:04,526 INFO:   Byadgi (KDL) -> 6500
2025-12-12 23:03:04,526 INFO:   Syngenta 5531 -> 8000
2025-12-12 23:03:04,526 INFO:   A/C QTY ARRIVALS APPROX 15000 -> 15000
2025-12-12 23:03:04,526 INFO:   BAGS SALES APPROX 8000 BAGS -> 8000
2025-12-12 23:03:04,526 INFO:   Syngenta 2043 -> 14000
2025-12-12 23:03:04,526 INFO:   Syngenta 2043 -> 21000
2025-12-12 23:03:04,526 INFO:   Kashmiri (Dabbi) -> 17000
2025-12-12 23:03:04,526 INFO:   Kashmiri (Dabbi) -> 25500
2025-12-12 23:03:04,526 INFO:   Byadgi (KDL) -> 19000
2025-12-12 23:03:04,540 INFO:   Byadgi (KDL) -> 24000
2025-12-12 23:03:04,540 INFO: Extracted 9 varieties from WhatsApp Image 2025-12-11 at 19.40.05.jpeg
2025-12-12 23:03:04,540 INFO: Detected 56 varieties
2025-12-12 23:03:04,540 INFO: Varieties: ['*06-11-2025*', '*13-11-2025*', '*24-11-2025*', '*New arrivals approx 1000 bags', '*New arrivals approx 5000 bags', '02 qty 24000 To 28000', '043 14000 To 18000 To 20000', '10000 BAGS', '12000 BAGS*', '2IA1-2025', '30000 BAGS SALES APPROX', '30000 BAGS*', '40000 BAGS SALES APPROX', '531 fatki 8000 To 11500', '531qty 12500 To 16000', '553lqty 13000-15000 ( QTY', '553lqty 16000-18000', '5581 qty 12500-16000', '5581. 12000-14500', '80000 BAGS SALES APPROX', 'A/C QTY ARRIVALS APPROX 15000', 'A/C QTY ARRIVALS APPROX 60000', 'AC QTY ARRIVALS APPROX 20000 BAGS SALES', 'AIC QTY ARRIVALS APPROX 30000 BAGS SALES APPROX 10000 BAGS', 'AJC QTY ARRIVALS APPROX 12000 BAGS SALES APPROX 5000 BAGS', 'APPROX 10000 BAGS', 'BAGS SALES APPROX 20000 BAGS', 'BAGS SALES APPROX 8000 BAGS', 'BYADGI FATKI 5000-6500', 'BYADGI FATKI 5000-6500.', 'BYADGI FATKI 6000-7500', 'BYADGI FATKI 6500-8500', 'Byadgi (KDL)', 'DABB! 30000-36000', 'DABE! MB 16000-18000', 'DABEI 18000-23000', 'DL BEST 24000 To 29000', 'DL fatki 5500 To 7500', 'DL medium 10000 To 14000 To 17000', 'DLX 21000-24000', 'Devanur Deluxe (DD)', 'KDLDLX 33000-44000', 'KDLDLX 40000-45000', 'KDLM BEST 16000-19000', 'Kashmiri (Dabbi)', 'NEW ARRIVALS APOROX 20000 BAGS', 'Naya maal me 1000-1500 slow hai', 'New arrivals approx 13000 bags', 'New arrivals approx 24000 bags', 'New arrivals approx 25000 bags', 'New arrivals approx 25000 hags', 'New arrivals approx 4000 bags', 'Seed', 'Syngenta 102', 'Syngenta 2043', 'Syngenta 5531']
2025-12-12 23:03:04,561 INFO: JSON data saved: C:\Users\mrmay\Downloads\APMC Prices\web\data.json
2025-12-12 23:03:04,561 INFO: Generated data for 56 varieties, 9 dates
2025-12-12 23:03:04,561 INFO: Varieties: ['*06-11-2025*', '*13-11-2025*', '*24-11-2025*', '*New arrivals approx 1000 bags', '*New arrivals approx 5000 bags', '02 qty 24000 To 28000', '043 14000 To 18000 To 20000', '10000 BAGS', '12000 BAGS*', '2IA1-2025', '30000 BAGS SALES APPROX', '30000 BAGS*', '40000 BAGS SALES APPROX', '531 fatki 8000 To 11500', '531qty 12500 To 16000', '553lqty 13000-15000 ( QTY', '553lqty 16000-18000', '5581 qty 12500-16000', '5581. 12000-14500', '80000 BAGS SALES APPROX', 'A/C QTY ARRIVALS APPROX 15000', 'A/C QTY ARRIVALS APPROX 60000', 'AC QTY ARRIVALS APPROX 20000 BAGS SALES', 'AIC QTY ARRIVALS APPROX 30000 BAGS SALES APPROX 10000 BAGS', 'AJC QTY ARRIVALS APPROX 12000 BAGS SALES APPROX 5000 BAGS', 'APPROX 10000 BAGS', 'BAGS SALES APPROX 20000 BAGS', 'BAGS SALES APPROX 8000 BAGS', 'BYADGI FATKI 5000-6500', 'BYADGI FATKI 5000-6500.', 'BYADGI FATKI 6000-7500', 'BYADGI FATKI 6500-8500', 'Byadgi (KDL)', 'DABB! 30000-36000', 'DABE! MB 16000-18000', 'DABEI 18000-23000', 'DL BEST 24000 To 29000', 'DL fatki 5500 To 7500', 'DL medium 10000 To 14000 To 17000', 'DLX 21000-24000', 'Devanur Deluxe (DD)', 'KDLDLX 33000-44000', 'KDLDLX 40000-45000', 'KDLM BEST 16000-19000', 'Kashmiri (Dabbi)', 'NEW ARRIVALS APOROX 20000 BAGS', 'Naya maal me 1000-1500 slow hai', 'New arrivals approx 13000 bags', 'New arrivals approx 24000 bags', 'New arrivals approx 25000 bags', 'New arrivals approx 25000 hags', 'New arrivals approx 4000 bags', 'Seed', 'Syngenta 102', 'Syngenta 2043', 'Syngenta 5531']
2025-12-12 23:03:04,808 INFO: HTML dashboard generated: C:\Users\mrmay\Downloads\APMC Prices\web\index.html
2025-12-12 23:03:04,808 INFO: ======================================================================
2025-12-12 23:03:04,808 INFO:   HTML: C:\Users\mrmay\Downloads\APMC Prices\web\index.html
2025-12-12 23:03:04,808 INFO:   Data: C:\Users\mrmay\Downloads\APMC Prices\web\data.json
2025-12-12 23:03:04,808 INFO:   Varieties: 56
2025-12-12 23:03:04,808 INFO: ======================================================================
2025-12-12 23:17:15,464 INFO: Starting dashboard generation...
2025-12-12 23:17:15,464 INFO: Processing: Screenshot 2025-11-27 185019.png
2025-12-12 23:17:16,322 INFO: Extracted 5 varieties from Screenshot 2025-11-27 185019.png
2025-12-12 23:17:16,322 INFO: Processing: Screenshot 2025-12-08 174552.png
2025-12-12 23:17:16,751 INFO: Extracted 4 varieties from Screenshot 2025-12-08 174552.png
2025-12-12 23:17:16,751 INFO: Processing: WhatsApp Image 2025-11-06 at 18.59.51 (2).jpeg
2025-12-12 23:17:17,211 INFO: Extracted 6 varieties from WhatsApp Image 2025-11-06 at 18.59.51 (2).jpeg
2025-12-12 23:17:17,211 INFO: Processing: WhatsApp Image 2025-11-13 at 20.56.06 (2).jpeg
2025-12-12 23:17:17,726 INFO: Extracted 5 varieties from WhatsApp Image 2025-11-13 at 20.56.06 (2).jpeg
2025-12-12 23:17:17,726 INFO: Processing: WhatsApp Image 2025-11-20 at 20.59.54.jpeg
2025-12-12 23:17:18,113 INFO: Extracted 3 varieties from WhatsApp Image 2025-11-20 at 20.59.54.jpeg
2025-12-12 23:17:18,113 INFO: Processing: WhatsApp Image 2025-11-24 at 18.05.40.jpeg
2025-12-12 23:17:18,571 INFO: Extracted 5 varieties from WhatsApp Image 2025-11-24 at 18.05.40.jpeg
2025-12-12 23:17:18,571 INFO: Processing: WhatsApp Image 2025-12-01 at 16.35.06.jpeg
2025-12-12 23:17:18,955 INFO: Extracted 3 varieties from WhatsApp Image 2025-12-01 at 16.35.06.jpeg
2025-12-12 23:17:18,955 INFO: Processing: WhatsApp Image 2025-12-04 at 19.13.14.jpeg
2025-12-12 23:17:19,401 INFO: Extracted 8 varieties from WhatsApp Image 2025-12-04 at 19.13.14.jpeg
2025-12-12 23:17:19,401 INFO: Processing: WhatsApp Image 2025-12-11 at 19.40.05.jpeg
2025-12-12 23:17:19,902 INFO: Extracted 5 varieties from WhatsApp Image 2025-12-11 at 19.40.05.jpeg
2025-12-12 23:17:19,925 INFO: Detected 11 varieties, 9 dates
2025-12-12 23:17:19,925 INFO: Varieties: 531 fatki 8000 To 11500, Byadgi (KDL), DL BEST 24000 To 29000, DL fatki 5500 To 7500, DL medium 10000 To 14000 To 17000, DLX 21000-24000, Devanur Deluxe (DD), Kashmiri (Dabbi), Seed, Syngenta 2043, Syngenta 5531
2025-12-12 23:17:19,928 INFO: JSON saved: C:\Users\mrmay\Downloads\APMC Prices\web\data.json
2025-12-12 23:17:19,977 INFO: HTML generated
2025-12-12 23:17:19,978 INFO: SUCCESS! Generated 11 varieties
2025-12-12 23:17:19,978 INFO: Upload data.json and index.html to GitHub!
2025-12-12 23:28:57,046 INFO: Starting dashboard generation...
2025-12-12 23:28:57,046 INFO: Processing: Screenshot 2025-11-27 185019.png
2025-12-12 23:28:57,522 INFO: Extracted 7 varieties from Screenshot 2025-11-27 185019.png
2025-12-12 23:28:57,522 INFO: Processing: Screenshot 2025-12-08 174552.png
2025-12-12 23:28:57,955 INFO: Extracted 6 varieties from Screenshot 2025-12-08 174552.png
2025-12-12 23:28:57,955 INFO: Processing: WhatsApp Image 2025-11-06 at 18.59.51 (2).jpeg
2025-12-12 23:28:58,404 INFO: Extracted 7 varieties from WhatsApp Image 2025-11-06 at 18.59.51 (2).jpeg
2025-12-12 23:28:58,404 INFO: Processing: WhatsApp Image 2025-11-13 at 20.56.06 (2).jpeg
2025-12-12 23:28:58,923 INFO: Extracted 7 varieties from WhatsApp Image 2025-11-13 at 20.56.06 (2).jpeg
2025-12-12 23:28:58,923 INFO: Processing: WhatsApp Image 2025-11-20 at 20.59.54.jpeg
2025-12-12 23:28:59,310 INFO: Extracted 4 varieties from WhatsApp Image 2025-11-20 at 20.59.54.jpeg
2025-12-12 23:28:59,310 INFO: Processing: WhatsApp Image 2025-11-24 at 18.05.40.jpeg
2025-12-12 23:28:59,766 INFO: Extracted 7 varieties from WhatsApp Image 2025-11-24 at 18.05.40.jpeg
2025-12-12 23:28:59,766 INFO: Processing: WhatsApp Image 2025-12-01 at 16.35.06.jpeg
2025-12-12 23:29:00,151 INFO: Extracted 4 varieties from WhatsApp Image 2025-12-01 at 16.35.06.jpeg
2025-12-12 23:29:00,151 INFO: Processing: WhatsApp Image 2025-12-04 at 19.13.14.jpeg
2025-12-12 23:29:00,594 INFO: Extracted 7 varieties from WhatsApp Image 2025-12-04 at 19.13.14.jpeg
2025-12-12 23:29:00,594 INFO: Processing: WhatsApp Image 2025-12-11 at 19.40.05.jpeg
2025-12-12 23:29:01,085 INFO: Extracted 6 varieties from WhatsApp Image 2025-12-11 at 19.40.05.jpeg
2025-12-12 23:29:01,089 INFO: Detected 9 varieties, 9 dates
2025-12-12 23:29:01,089 INFO: Varieties: Byadgi (KDL), DL Best, Devanur Deluxe (DD), Fatki, Kashmiri (Dabbi), Seed, Syngenta 102, Syngenta 2043, Syngenta 5531
2025-12-12 23:29:01,089 INFO: JSON saved: C:\Users\mrmay\Downloads\APMC Prices\web\data.json
2025-12-12 23:29:01,113 INFO: HTML generated
2025-12-12 23:29:01,113 INFO: SUCCESS! Generated 9 varieties
2025-12-12 23:29:01,114 INFO: Upload data.json and index.html to GitHub!
2025-12-12 23:40:31,924 INFO: Starting dashboard generation...
2025-12-12 23:40:31,924 INFO: Processing: Screenshot 2025-11-27 185019.png
2025-12-12 23:40:32,696 INFO: Extracted 9 items from Screenshot 2025-11-27 185019.png
2025-12-12 23:40:32,704 INFO: Processing: Screenshot 2025-12-08 174552.png
2025-12-12 23:40:33,358 INFO: Extracted 8 items from Screenshot 2025-12-08 174552.png
2025-12-12 23:40:33,358 INFO: Processing: WhatsApp Image 2025-11-06 at 18.59.51 (2).jpeg
2025-12-12 23:40:33,700 INFO: Extracted 9 items from WhatsApp Image 2025-11-06 at 18.59.51 (2).jpeg
2025-12-12 23:40:33,700 INFO: Processing: WhatsApp Image 2025-11-13 at 20.56.06 (2).jpeg
2025-12-12 23:40:34,067 INFO: Extracted 10 items from WhatsApp Image 2025-11-13 at 20.56.06 (2).jpeg
2025-12-12 23:40:34,067 INFO: Processing: WhatsApp Image 2025-11-20 at 20.59.54.jpeg
2025-12-12 23:40:34,430 INFO: Extracted 13 items from WhatsApp Image 2025-11-20 at 20.59.54.jpeg
2025-12-12 23:40:34,430 INFO: Processing: WhatsApp Image 2025-11-24 at 18.05.40.jpeg
2025-12-12 23:40:34,819 INFO: Extracted 11 items from WhatsApp Image 2025-11-24 at 18.05.40.jpeg
2025-12-12 23:40:34,819 INFO: Processing: WhatsApp Image 2025-12-01 at 16.35.06.jpeg
2025-12-12 23:40:35,239 INFO: Extracted 12 items from WhatsApp Image 2025-12-01 at 16.35.06.jpeg
2025-12-12 23:40:35,239 INFO: Processing: WhatsApp Image 2025-12-04 at 19.13.14.jpeg
2025-12-12 23:40:35,621 INFO: Extracted 11 items from WhatsApp Image 2025-12-04 at 19.13.14.jpeg
2025-12-12 23:40:35,621 INFO: Processing: WhatsApp Image 2025-12-11 at 19.40.05.jpeg
2025-12-12 23:40:36,023 INFO: Extracted 12 items from WhatsApp Image 2025-12-11 at 19.40.05.jpeg
2025-12-12 23:40:36,055 INFO: Detected 16 varieties, 9 dates
2025-12-12 23:40:36,055 INFO: Varieties: Byadgi (KDL), Byadgi (KDL) | BEST, Byadgi (KDL) | DLX, Byadgi (KDL) | FATKI, Byadgi (KDL) | Medium, Devanur Deluxe (DD), Kashmiri (Dabbi), Kashmiri (Dabbi) | BEST, Kashmiri (Dabbi) | DLX, Seed Quality, Seed Quality | FATKI, Syngenta 102, Syngenta 2043, Syngenta 2043 | DLX, Syngenta 5531, Syngenta 5531 | FATKI
2025-12-12 23:40:36,067 INFO: JSON saved: C:\Users\mrmay\Downloads\APMC Prices\web\data.json
2025-12-12 23:40:36,079 INFO: HTML generated
2025-12-12 23:40:36,079 INFO: SUCCESS! Generated 16 varieties
2025-12-12 23:40:36,079 INFO: Upload data.json and index.html to GitHub!
2025-12-15 16:16:13,691 INFO: Starting dashboard generation...
2025-12-15 16:16:13,711 INFO: Processing: Screenshot 2025-11-27 185019.png
2025-12-15 16:16:15,355 INFO: Extracted 9 items from Screenshot 2025-11-27 185019.png
2025-12-15 16:16:15,355 INFO: Processing: Screenshot 2025-12-08 174552.png
2025-12-15 16:16:16,151 INFO: Extracted 8 items from Screenshot 2025-12-08 174552.png
2025-12-15 16:16:16,164 INFO: Processing: WhatsApp Image 2025-11-06 at 18.59.51 (2).jpeg
2025-12-15 16:16:16,503 INFO: Extracted 9 items from WhatsApp Image 2025-11-06 at 18.59.51 (2).jpeg
2025-12-15 16:16:16,503 INFO: Processing: WhatsApp Image 2025-11-13 at 20.56.06 (2).jpeg
2025-12-15 16:16:16,869 INFO: Extracted 10 items from WhatsApp Image 2025-11-13 at 20.56.06 (2).jpeg
2025-12-15 16:16:16,869 INFO: Processing: WhatsApp Image 2025-11-20 at 20.59.54.jpeg
2025-12-15 16:16:17,244 INFO: Extracted 13 items from WhatsApp Image 2025-11-20 at 20.59.54.jpeg
2025-12-15 16:16:17,244 INFO: Processing: WhatsApp Image 2025-11-24 at 18.05.40.jpeg
2025-12-15 16:16:17,628 INFO: Extracted 11 items from WhatsApp Image 2025-11-24 at 18.05.40.jpeg
2025-12-15 16:16:17,628 INFO: Processing: WhatsApp Image 2025-12-01 at 16.35.06.jpeg
2025-12-15 16:16:18,032 INFO: Extracted 12 items from WhatsApp Image 2025-12-01 at 16.35.06.jpeg
2025-12-15 16:16:18,032 INFO: Processing: WhatsApp Image 2025-12-04 at 19.13.14.jpeg
2025-12-15 16:16:18,471 INFO: Extracted 11 items from WhatsApp Image 2025-12-04 at 19.13.14.jpeg
2025-12-15 16:16:18,471 INFO: Processing: WhatsApp Image 2025-12-11 at 19.40.05.jpeg
2025-12-15 16:16:18,867 INFO: Extracted 12 items from WhatsApp Image 2025-12-11 at 19.40.05.jpeg
2025-12-15 16:16:18,867 INFO: Processing: WhatsApp Image 2025-12-15 at 15.45.28.jpeg
2025-12-15 16:16:19,265 INFO: Extracted 12 items from WhatsApp Image 2025-12-15 at 15.45.28.jpeg
2025-12-15 16:16:19,290 INFO: Detected 16 varieties, 6 dates
2025-12-15 16:16:19,291 INFO: Varieties: Byadgi (KDL), Byadgi (KDL) | BEST, Byadgi (KDL) | DLX, Byadgi (KDL) | FATKI, Byadgi (KDL) | Medium, Devanur Deluxe (DD), Kashmiri (Dabbi), Kashmiri (Dabbi) | BEST, Kashmiri (Dabbi) | DLX, Seed Quality, Seed Quality | FATKI, Syngenta 102, Syngenta 2043, Syngenta 2043 | DLX, Syngenta 5531, Syngenta 5531 | FATKI
2025-12-15 16:16:19,293 INFO: JSON saved: C:\Users\mrmay\Downloads\APMC Prices\web\data.json
2025-12-15 16:16:19,314 INFO: HTML generated
2025-12-15 16:16:19,314 INFO: SUCCESS! Generated 16 varieties
2025-12-15 16:16:19,315 INFO: Upload data.json and index.html to GitHub!
2025-12-15 16:29:36,487 INFO: Starting dashboard generation...
2025-12-15 16:29:36,487 INFO: Processing: Screenshot 2025-11-27 185019.png
2025-12-15 16:29:37,279 INFO: Extracted 9 items from Screenshot 2025-11-27 185019.png
2025-12-15 16:29:37,280 INFO: Processing: Screenshot 2025-12-08 174552.png
2025-12-15 16:29:38,017 INFO: Extracted 8 items from Screenshot 2025-12-08 174552.png
2025-12-15 16:29:38,018 INFO: Processing: WhatsApp Image 2025-11-06 at 18.59.51 (2).jpeg
2025-12-15 16:29:38,488 INFO: Extracted 9 items from WhatsApp Image 2025-11-06 at 18.59.51 (2).jpeg
2025-12-15 16:29:38,490 INFO: Processing: WhatsApp Image 2025-11-13 at 20.56.06 (2).jpeg
2025-12-15 16:29:38,881 INFO: Extracted 10 items from WhatsApp Image 2025-11-13 at 20.56.06 (2).jpeg
2025-12-15 16:29:38,882 INFO: Processing: WhatsApp Image 2025-11-20 at 20.59.54.jpeg
2025-12-15 16:29:39,274 INFO: Extracted 13 items from WhatsApp Image 2025-11-20 at 20.59.54.jpeg
2025-12-15 16:29:39,275 INFO: Processing: WhatsApp Image 2025-11-24 at 18.05.40.jpeg
2025-12-15 16:29:39,681 INFO: Extracted 11 items from WhatsApp Image 2025-11-24 at 18.05.40.jpeg
2025-12-15 16:29:39,681 INFO: Processing: WhatsApp Image 2025-12-01 at 16.35.06.jpeg
2025-12-15 16:29:40,084 INFO: Extracted 12 items from WhatsApp Image 2025-12-01 at 16.35.06.jpeg
2025-12-15 16:29:40,085 INFO: Processing: WhatsApp Image 2025-12-04 at 19.13.14.jpeg
2025-12-15 16:29:40,463 INFO: Extracted 11 items from WhatsApp Image 2025-12-04 at 19.13.14.jpeg
2025-12-15 16:29:40,464 INFO: Processing: WhatsApp Image 2025-12-11 at 19.40.05.jpeg
2025-12-15 16:29:40,932 INFO: Extracted 12 items from WhatsApp Image 2025-12-11 at 19.40.05.jpeg
2025-12-15 16:29:40,932 INFO: Processing: WhatsApp Image 2025-12-15 at 15.45.28.jpeg
2025-12-15 16:29:41,338 INFO: Extracted 12 items from WhatsApp Image 2025-12-15 at 15.45.28.jpeg
2025-12-15 16:29:41,357 INFO: Detected 16 varieties, 6 dates
2025-12-15 16:29:41,357 INFO: Varieties: Byadgi (KDL), Byadgi (KDL) | BEST, Byadgi (KDL) | DLX, Byadgi (KDL) | FATKI, Byadgi (KDL) | Medium, Devanur Deluxe (DD), Kashmiri (Dabbi), Kashmiri (Dabbi) | BEST, Kashmiri (Dabbi) | DLX, Seed Quality, Seed Quality | FATKI, Syngenta 102, Syngenta 2043, Syngenta 2043 | DLX, Syngenta 5531, Syngenta 5531 | FATKI
2025-12-15 16:30:42,889 INFO: Starting dashboard generation...
2025-12-15 16:30:42,889 INFO: Processing: Screenshot 2025-11-27 185019.png
2025-12-15 16:30:43,654 INFO: Extracted 9 items from Screenshot 2025-11-27 185019.png
2025-12-15 16:30:43,654 INFO: Processing: Screenshot 2025-12-08 174552.png
2025-12-15 16:30:44,353 INFO: Extracted 8 items from Screenshot 2025-12-08 174552.png
2025-12-15 16:30:44,353 INFO: Processing: WhatsApp Image 2025-11-06 at 18.59.51 (2).jpeg
2025-12-15 16:30:44,705 INFO: Extracted 9 items from WhatsApp Image 2025-11-06 at 18.59.51 (2).jpeg
2025-12-15 16:30:44,705 INFO: Processing: WhatsApp Image 2025-11-13 at 20.56.06 (2).jpeg
2025-12-15 16:30:45,084 INFO: Extracted 10 items from WhatsApp Image 2025-11-13 at 20.56.06 (2).jpeg
2025-12-15 16:30:45,084 INFO: Processing: WhatsApp Image 2025-11-20 at 20.59.54.jpeg
2025-12-15 16:30:45,494 INFO: Extracted 13 items from WhatsApp Image 2025-11-20 at 20.59.54.jpeg
2025-12-15 16:30:45,496 INFO: Processing: WhatsApp Image 2025-11-24 at 18.05.40.jpeg
2025-12-15 16:30:45,875 INFO: Extracted 11 items from WhatsApp Image 2025-11-24 at 18.05.40.jpeg
2025-12-15 16:30:45,875 INFO: Processing: WhatsApp Image 2025-12-01 at 16.35.06.jpeg
2025-12-15 16:30:46,273 INFO: Extracted 12 items from WhatsApp Image 2025-12-01 at 16.35.06.jpeg
2025-12-15 16:30:46,288 INFO: Processing: WhatsApp Image 2025-12-04 at 19.13.14.jpeg
2025-12-15 16:30:46,663 INFO: Extracted 11 items from WhatsApp Image 2025-12-04 at 19.13.14.jpeg
2025-12-15 16:30:46,663 INFO: Processing: WhatsApp Image 2025-12-11 at 19.40.05.jpeg
2025-12-15 16:30:47,069 INFO: Extracted 12 items from WhatsApp Image 2025-12-11 at 19.40.05.jpeg
2025-12-15 16:30:47,069 INFO: Processing: WhatsApp Image 2025-12-15 at 15.45.28.jpeg
2025-12-15 16:30:47,473 INFO: Extracted 12 items from WhatsApp Image 2025-12-15 at 15.45.28.jpeg
2025-12-15 16:30:47,473 INFO: Detected 16 varieties, 6 dates
2025-12-15 16:30:47,489 INFO: Varieties: Byadgi (KDL), Byadgi (KDL) | BEST, Byadgi (KDL) | DLX, Byadgi (KDL) | FATKI, Byadgi (KDL) | Medium, Devanur Deluxe (DD), Kashmiri (Dabbi), Kashmiri (Dabbi) | BEST, Kashmiri (Dabbi) | DLX, Seed Quality, Seed Quality | FATKI, Syngenta 102, Syngenta 2043, Syngenta 2043 | DLX, Syngenta 5531, Syngenta 5531 | FATKI
2025-12-15 16:36:04,731 INFO: Starting dashboard generation...
2025-12-15 16:36:04,731 INFO: Processing: Screenshot 2025-11-27 185019.png
2025-12-15 16:36:05,504 INFO: Extracted 9 items from Screenshot 2025-11-27 185019.png
2025-12-15 16:36:05,505 INFO: Processing: Screenshot 2025-12-08 174552.png
2025-12-15 16:36:06,194 INFO: Extracted 8 items from Screenshot 2025-12-08 174552.png
2025-12-15 16:36:06,195 INFO: Processing: WhatsApp Image 2025-11-06 at 18.59.51 (2).jpeg
2025-12-15 16:36:06,542 INFO: Extracted 9 items from WhatsApp Image 2025-11-06 at 18.59.51 (2).jpeg
2025-12-15 16:36:06,542 INFO: Processing: WhatsApp Image 2025-11-13 at 20.56.06 (2).jpeg
2025-12-15 16:36:06,911 INFO: Extracted 10 items from WhatsApp Image 2025-11-13 at 20.56.06 (2).jpeg
2025-12-15 16:36:06,912 INFO: Processing: WhatsApp Image 2025-11-20 at 20.59.54.jpeg
2025-12-15 16:36:07,289 INFO: Extracted 13 items from WhatsApp Image 2025-11-20 at 20.59.54.jpeg
2025-12-15 16:36:07,289 INFO: Processing: WhatsApp Image 2025-11-24 at 18.05.40.jpeg
2025-12-15 16:36:07,677 INFO: Extracted 11 items from WhatsApp Image 2025-11-24 at 18.05.40.jpeg
2025-12-15 16:36:07,677 INFO: Processing: WhatsApp Image 2025-12-01 at 16.35.06.jpeg
2025-12-15 16:36:08,066 INFO: Extracted 12 items from WhatsApp Image 2025-12-01 at 16.35.06.jpeg
2025-12-15 16:36:08,066 INFO: Processing: WhatsApp Image 2025-12-04 at 19.13.14.jpeg
2025-12-15 16:36:08,469 INFO: Extracted 11 items from WhatsApp Image 2025-12-04 at 19.13.14.jpeg
2025-12-15 16:36:08,470 INFO: Processing: WhatsApp Image 2025-12-11 at 19.40.05.jpeg
2025-12-15 16:36:08,907 INFO: Extracted 12 items from WhatsApp Image 2025-12-11 at 19.40.05.jpeg
2025-12-15 16:36:08,907 INFO: Processing: WhatsApp Image 2025-12-15 at 15.45.28.jpeg
2025-12-15 16:36:09,292 INFO: Extracted 12 items from WhatsApp Image 2025-12-15 at 15.45.28.jpeg
2025-12-15 16:36:09,329 INFO: Detected 16 varieties, 6 dates
2025-12-15 16:36:09,329 INFO: Varieties: Byadgi (KDL), Byadgi (KDL) | BEST, Byadgi (KDL) | DLX, Byadgi (KDL) | FATKI, Byadgi (KDL) | Medium, Devanur Deluxe (DD), Kashmiri (Dabbi), Kashmiri (Dabbi) | BEST, Kashmiri (Dabbi) | DLX, Seed Quality, Seed Quality | FATKI, Syngenta 102, Syngenta 2043, Syngenta 2043 | DLX, Syngenta 5531, Syngenta 5531 | FATKI
2025-12-15 16:36:09,340 INFO: JSON saved: C:\Users\mrmay\Downloads\APMC Prices\web\data.json
2025-12-15 16:36:09,347 INFO: HTML generated
2025-12-15 16:36:09,347 INFO: SUCCESS! Generated 16 varieties
2025-12-15 16:36:09,347 INFO: Upload data.json and index.html to GitHub!
2025-12-15 16:49:37,043 INFO: Starting dashboard generation...
2025-12-15 16:49:37,043 INFO: Processing: Screenshot 2025-11-27 185019.png
2025-12-15 16:49:37,838 INFO: Extracted 9 items from Screenshot 2025-11-27 185019.png
2025-12-15 16:49:37,838 INFO: Processing: Screenshot 2025-12-08 174552.png
2025-12-15 16:49:38,621 INFO: Extracted 8 items from Screenshot 2025-12-08 174552.png
2025-12-15 16:49:38,621 INFO: Processing: WhatsApp Image 2025-11-06 at 18.59.51 (2).jpeg
2025-12-15 16:49:38,994 INFO: Extracted 9 items from WhatsApp Image 2025-11-06 at 18.59.51 (2).jpeg
2025-12-15 16:49:38,994 INFO: Processing: WhatsApp Image 2025-11-13 at 20.56.06 (2).jpeg
2025-12-15 16:49:39,418 INFO: Extracted 10 items from WhatsApp Image 2025-11-13 at 20.56.06 (2).jpeg
2025-12-15 16:49:39,419 INFO: Processing: WhatsApp Image 2025-11-20 at 20.59.54.jpeg
2025-12-15 16:49:39,854 INFO: Extracted 13 items from WhatsApp Image 2025-11-20 at 20.59.54.jpeg
2025-12-15 16:49:39,854 INFO: Processing: WhatsApp Image 2025-11-24 at 18.05.40.jpeg
2025-12-15 16:49:40,359 INFO: Extracted 11 items from WhatsApp Image 2025-11-24 at 18.05.40.jpeg
2025-12-15 16:49:40,360 INFO: Processing: WhatsApp Image 2025-12-01 at 16.35.06.jpeg
2025-12-15 16:49:40,788 INFO: Extracted 12 items from WhatsApp Image 2025-12-01 at 16.35.06.jpeg
2025-12-15 16:49:40,789 INFO: Processing: WhatsApp Image 2025-12-04 at 19.13.14.jpeg
2025-12-15 16:49:41,220 INFO: Extracted 11 items from WhatsApp Image 2025-12-04 at 19.13.14.jpeg
2025-12-15 16:49:41,222 INFO: Processing: WhatsApp Image 2025-12-11 at 19.40.05.jpeg
2025-12-15 16:49:41,669 INFO: Extracted 12 items from WhatsApp Image 2025-12-11 at 19.40.05.jpeg
2025-12-15 16:49:41,670 INFO: Processing: WhatsApp Image 2025-12-15 at 16.46.02.jpeg
2025-12-15 16:49:42,122 INFO: Extracted 11 items from WhatsApp Image 2025-12-15 at 16.46.02.jpeg
2025-12-15 16:49:42,168 INFO: Detected 16 varieties, 6 dates
2025-12-15 16:49:42,169 INFO: Varieties: Byadgi (KDL), Byadgi (KDL) | BEST, Byadgi (KDL) | DLX, Byadgi (KDL) | FATKI, Byadgi (KDL) | Medium, Devanur Deluxe (DD), Kashmiri (Dabbi), Kashmiri (Dabbi) | BEST, Kashmiri (Dabbi) | DLX, Seed Quality, Seed Quality | FATKI, Syngenta 102, Syngenta 2043, Syngenta 2043 | DLX, Syngenta 5531, Syngenta 5531 | FATKI
2025-12-15 16:49:42,177 INFO: JSON saved: C:\Users\mrmay\Downloads\APMC Prices\web\data.json
2025-12-15 16:49:42,221 INFO: HTML generated
2025-12-15 16:49:42,221 INFO: SUCCESS! Generated 16 varieties
2025-12-15 16:49:42,222 INFO: Upload data.json and index.html to GitHub!
2025-12-15 16:54:55,478 INFO: Starting dashboard generation...
2025-12-15 16:54:55,478 INFO: Processing: Screenshot 2025-11-27 185019.png
2025-12-15 16:54:56,318 INFO: Extracted 9 items from Screenshot 2025-11-27 185019.png
2025-12-15 16:54:56,334 INFO: Processing: Screenshot 2025-12-08 174552.png
2025-12-15 16:54:57,062 INFO: Extracted 8 items from Screenshot 2025-12-08 174552.png
2025-12-15 16:54:57,062 INFO: Processing: WhatsApp Image 2025-11-06 at 18.59.51 (2).jpeg
2025-12-15 16:54:57,455 INFO: Extracted 9 items from WhatsApp Image 2025-11-06 at 18.59.51 (2).jpeg
2025-12-15 16:54:57,456 INFO: Processing: WhatsApp Image 2025-11-13 at 20.56.06 (2).jpeg
2025-12-15 16:54:57,823 INFO: Extracted 10 items from WhatsApp Image 2025-11-13 at 20.56.06 (2).jpeg
2025-12-15 16:54:57,823 INFO: Processing: WhatsApp Image 2025-11-20 at 20.59.54.jpeg
2025-12-15 16:54:58,224 INFO: Extracted 13 items from WhatsApp Image 2025-11-20 at 20.59.54.jpeg
2025-12-15 16:54:58,224 INFO: Processing: WhatsApp Image 2025-11-24 at 18.05.40.jpeg
2025-12-15 16:54:58,628 INFO: Extracted 11 items from WhatsApp Image 2025-11-24 at 18.05.40.jpeg
2025-12-15 16:54:58,630 INFO: Processing: WhatsApp Image 2025-12-01 at 16.35.06.jpeg
2025-12-15 16:54:59,023 INFO: Extracted 12 items from WhatsApp Image 2025-12-01 at 16.35.06.jpeg
2025-12-15 16:54:59,023 INFO: Processing: WhatsApp Image 2025-12-04 at 19.13.14.jpeg
2025-12-15 16:54:59,415 INFO: Extracted 11 items from WhatsApp Image 2025-12-04 at 19.13.14.jpeg
2025-12-15 16:54:59,415 INFO: Processing: WhatsApp Image 2025-12-11 at 19.40.05.jpeg
2025-12-15 16:54:59,846 INFO: Extracted 12 items from WhatsApp Image 2025-12-11 at 19.40.05.jpeg
2025-12-15 16:54:59,846 INFO: Processing: WhatsApp Image 2025-12-15 at 16.46.02.jpeg
2025-12-15 16:55:00,344 INFO: Extracted 11 items from WhatsApp Image 2025-12-15 at 16.46.02.jpeg
2025-12-15 16:55:00,387 INFO: Detected 16 varieties, 6 dates
2025-12-15 16:55:00,388 INFO: Varieties: Byadgi (KDL), Byadgi (KDL) | BEST, Byadgi (KDL) | DLX, Byadgi (KDL) | FATKI, Byadgi (KDL) | Medium, Devanur Deluxe (DD), Kashmiri (Dabbi), Kashmiri (Dabbi) | BEST, Kashmiri (Dabbi) | DLX, Seed Quality, Seed Quality | FATKI, Syngenta 102, Syngenta 2043, Syngenta 2043 | DLX, Syngenta 5531, Syngenta 5531 | FATKI
2025-12-15 16:55:00,397 INFO: JSON saved: C:\Users\mrmay\Downloads\APMC Prices\web\data.json
2025-12-15 16:55:00,454 INFO: HTML generated
2025-12-15 16:55:00,455 INFO: SUCCESS! Generated 16 varieties
2025-12-15 16:55:00,455 INFO: Upload data.json and index.html to GitHub!
2025-12-15 22:56:01,580 INFO: Starting dashboard generation...
2025-12-15 22:56:01,580 INFO: Processing: Screenshot 2025-11-27 185019.png
2025-12-15 22:56:02,614 INFO: Extracted 9 items from Screenshot 2025-11-27 185019.png
2025-12-15 22:56:02,614 INFO: Processing: Screenshot 2025-12-08 174552.png
2025-12-15 22:56:03,270 INFO: Extracted 10 items from Screenshot 2025-12-08 174552.png
2025-12-15 22:56:03,270 INFO: Processing: WhatsApp Image 2025-11-06 at 18.59.51 (2).jpeg
2025-12-15 22:56:03,602 INFO: Extracted 12 items from WhatsApp Image 2025-11-06 at 18.59.51 (2).jpeg
2025-12-15 22:56:03,602 INFO: Processing: WhatsApp Image 2025-11-13 at 20.56.06 (2).jpeg
2025-12-15 22:56:03,951 INFO: Extracted 11 items from WhatsApp Image 2025-11-13 at 20.56.06 (2).jpeg
2025-12-15 22:56:03,951 INFO: Processing: WhatsApp Image 2025-11-20 at 20.59.54.jpeg
2025-12-15 22:56:04,307 INFO: Extracted 14 items from WhatsApp Image 2025-11-20 at 20.59.54.jpeg
2025-12-15 22:56:04,311 INFO: Processing: WhatsApp Image 2025-11-24 at 18.05.40.jpeg
2025-12-15 22:56:04,675 INFO: Extracted 13 items from WhatsApp Image 2025-11-24 at 18.05.40.jpeg
2025-12-15 22:56:04,675 INFO: Processing: WhatsApp Image 2025-12-01 at 16.35.06.jpeg
2025-12-15 22:56:05,037 INFO: Extracted 14 items from WhatsApp Image 2025-12-01 at 16.35.06.jpeg
2025-12-15 22:56:05,037 INFO: Processing: WhatsApp Image 2025-12-04 at 19.13.14.jpeg
2025-12-15 22:56:05,399 INFO: Extracted 13 items from WhatsApp Image 2025-12-04 at 19.13.14.jpeg
2025-12-15 22:56:05,399 INFO: Processing: WhatsApp Image 2025-12-11 at 19.40.05.jpeg
2025-12-15 22:56:05,773 INFO: Extracted 14 items from WhatsApp Image 2025-12-11 at 19.40.05.jpeg
2025-12-15 22:56:05,773 INFO: Processing: WhatsApp Image 2025-12-15 at 16.46.02.jpeg
2025-12-15 22:56:06,184 INFO: Extracted 13 items from WhatsApp Image 2025-12-15 at 16.46.02.jpeg
2025-12-15 22:56:06,238 INFO: Detected 20 varieties, 6 dates
2025-12-15 22:56:06,238 INFO: Varieties: Byadgi (KDL) | FATKI, Devanur Deluxe (DD), Kashmiri (Dabbi), Kashmiri (Dabbi) | BEST, Kashmiri (Dabbi) | DLX, Local KDL, Seed Quality, Seed Quality | FATKI, Syngenta 102, Syngenta 102 | BEST, Syngenta 102 | DLX, Syngenta 102 | Medium BEST, Syngenta 2043, Syngenta 2043 | BEST, Syngenta 2043 | DLX, Syngenta 2043 | Medium BEST, Syngenta 5531 | BEST, Syngenta 5531 | DLX, Syngenta 5531 | FATKI, Syngenta 5531 | Medium BEST
2025-12-15 22:56:06,280 INFO: JSON saved: C:\Users\mrmay\Downloads\APMC Prices\web\data.json
2025-12-15 22:56:06,436 INFO: HTML generated
2025-12-15 22:56:06,436 INFO: SUCCESS! Generated 20 varieties
2025-12-15 22:56:06,436 INFO: Upload data.json and index.html to GitHub!
2025-12-15 23:07:02,276 INFO: Starting dashboard generation...
2025-12-15 23:07:02,276 INFO: Processing: Screenshot 2025-11-27 185019.png
2025-12-15 23:07:03,054 INFO: Extracted 8 items from Screenshot 2025-11-27 185019.png
2025-12-15 23:07:03,054 INFO: Processing: Screenshot 2025-12-08 174552.png
2025-12-15 23:07:03,772 INFO: Extracted 9 items from Screenshot 2025-12-08 174552.png
2025-12-15 23:07:03,772 INFO: Processing: WhatsApp Image 2025-11-06 at 18.59.51 (2).jpeg
2025-12-15 23:07:04,119 INFO: Extracted 11 items from WhatsApp Image 2025-11-06 at 18.59.51 (2).jpeg
2025-12-15 23:07:04,119 INFO: Processing: WhatsApp Image 2025-11-13 at 20.56.06 (2).jpeg
2025-12-15 23:07:04,495 INFO: Extracted 10 items from WhatsApp Image 2025-11-13 at 20.56.06 (2).jpeg
2025-12-15 23:07:04,495 INFO: Processing: WhatsApp Image 2025-11-20 at 20.59.54.jpeg
2025-12-15 23:07:04,841 INFO: Extracted 13 items from WhatsApp Image 2025-11-20 at 20.59.54.jpeg
2025-12-15 23:07:04,841 INFO: Processing: WhatsApp Image 2025-11-24 at 18.05.40.jpeg
2025-12-15 23:07:05,215 INFO: Extracted 12 items from WhatsApp Image 2025-11-24 at 18.05.40.jpeg
2025-12-15 23:07:05,215 INFO: Processing: WhatsApp Image 2025-12-01 at 16.35.06.jpeg
2025-12-15 23:07:05,588 INFO: Extracted 13 items from WhatsApp Image 2025-12-01 at 16.35.06.jpeg
2025-12-15 23:07:05,589 INFO: Processing: WhatsApp Image 2025-12-04 at 19.13.14.jpeg
2025-12-15 23:07:05,994 INFO: Extracted 12 items from WhatsApp Image 2025-12-04 at 19.13.14.jpeg
2025-12-15 23:07:05,995 INFO: Processing: WhatsApp Image 2025-12-11 at 19.40.05.jpeg
2025-12-15 23:07:06,432 INFO: Extracted 13 items from WhatsApp Image 2025-12-11 at 19.40.05.jpeg
2025-12-15 23:07:06,433 INFO: Processing: WhatsApp Image 2025-12-15 at 16.46.02.jpeg
2025-12-15 23:07:06,873 INFO: Extracted 12 items from WhatsApp Image 2025-12-15 at 16.46.02.jpeg
2025-12-15 23:07:06,883 INFO: Detected 19 varieties, 6 dates
2025-12-15 23:07:06,883 INFO: Varieties: Byadgi (KDL) | FATKI, Devanur Deluxe (DD), Kashmiri (Dabbi) | BEST, Kashmiri (Dabbi) | DLX, Local KDL, Seed Quality, Seed Quality | FATKI, Syngenta 102, Syngenta 102 | BEST, Syngenta 102 | DLX, Syngenta 102 | Medium BEST, Syngenta 2043, Syngenta 2043 | BEST, Syngenta 2043 | DLX, Syngenta 2043 | Medium BEST, Syngenta 5531 | BEST, Syngenta 5531 | DLX, Syngenta 5531 | FATKI, Syngenta 5531 | Medium BEST
2025-12-15 23:07:06,894 INFO: JSON saved: C:\Users\mrmay\Downloads\APMC Prices\web\data.json
2025-12-15 23:07:06,918 INFO: HTML generated
2025-12-15 23:07:06,918 INFO: SUCCESS! Generated 19 varieties
2025-12-15 23:07:06,918 INFO: Upload data.json and index.html to GitHub!
2025-12-15 23:14:28,903 INFO: Starting dashboard generation...
2025-12-15 23:14:28,903 INFO: Processing: Screenshot 2025-11-27 185019.png
2025-12-15 23:14:29,633 INFO: Extracted 8 items from Screenshot 2025-11-27 185019.png
2025-12-15 23:14:29,633 INFO: Processing: Screenshot 2025-12-08 174552.png
2025-12-15 23:14:30,304 INFO: Extracted 9 items from Screenshot 2025-12-08 174552.png
2025-12-15 23:14:30,306 INFO: Processing: WhatsApp Image 2025-11-06 at 18.59.51 (2).jpeg
2025-12-15 23:14:30,629 INFO: Extracted 11 items from WhatsApp Image 2025-11-06 at 18.59.51 (2).jpeg
2025-12-15 23:14:30,629 INFO: Processing: WhatsApp Image 2025-11-13 at 20.56.06 (2).jpeg
2025-12-15 23:14:31,033 INFO: Extracted 10 items from WhatsApp Image 2025-11-13 at 20.56.06 (2).jpeg
2025-12-15 23:14:31,033 INFO: Processing: WhatsApp Image 2025-11-20 at 20.59.54.jpeg
2025-12-15 23:14:31,398 INFO: Extracted 13 items from WhatsApp Image 2025-11-20 at 20.59.54.jpeg
2025-12-15 23:14:31,398 INFO: Processing: WhatsApp Image 2025-11-24 at 18.05.40.jpeg
2025-12-15 23:14:31,783 INFO: Extracted 12 items from WhatsApp Image 2025-11-24 at 18.05.40.jpeg
2025-12-15 23:14:31,783 INFO: Processing: WhatsApp Image 2025-12-01 at 16.35.06.jpeg
2025-12-15 23:14:32,149 INFO: Extracted 13 items from WhatsApp Image 2025-12-01 at 16.35.06.jpeg
2025-12-15 23:14:32,149 INFO: Processing: WhatsApp Image 2025-12-04 at 19.13.14.jpeg
2025-12-15 23:14:32,526 INFO: Extracted 12 items from WhatsApp Image 2025-12-04 at 19.13.14.jpeg
2025-12-15 23:14:32,527 INFO: Processing: WhatsApp Image 2025-12-11 at 19.40.05.jpeg
2025-12-15 23:14:32,920 INFO: Extracted 13 items from WhatsApp Image 2025-12-11 at 19.40.05.jpeg
2025-12-15 23:14:32,921 INFO: Processing: WhatsApp Image 2025-12-15 at 16.46.02.jpeg
2025-12-15 23:14:33,431 INFO: Extracted 12 items from WhatsApp Image 2025-12-15 at 16.46.02.jpeg
2025-12-15 23:14:33,431 INFO: Detected 19 varieties, 6 dates
2025-12-15 23:14:33,431 INFO: Varieties: Byadgi (KDL) | FATKI, Devanur Deluxe (DD), Kashmiri (Dabbi) | BEST, Kashmiri (Dabbi) | DLX, Local KDL, Seed Quality, Seed Quality | FATKI, Syngenta 102, Syngenta 102 | BEST, Syngenta 102 | DLX, Syngenta 102 | Medium BEST, Syngenta 2043, Syngenta 2043 | BEST, Syngenta 2043 | DLX, Syngenta 2043 | Medium BEST, Syngenta 5531 | BEST, Syngenta 5531 | DLX, Syngenta 5531 | FATKI, Syngenta 5531 | Medium BEST
2025-12-15 23:14:33,455 INFO: JSON saved: C:\Users\mrmay\Downloads\APMC Prices\web\data.json
2025-12-15 23:14:33,485 INFO: HTML generated
2025-12-15 23:14:33,485 INFO: SUCCESS! Generated 19 varieties
2025-12-15 23:14:33,485 INFO: Upload data.json and index.html to GitHub!
